<?xml version='1.0' encoding='UTF-8'?>
<testsuite hostname="LAPTOP-0TPHOQJD" name="Model.CommitsResultTest" tests="1" errors="0" failures="0" skipped="0" time="0.0" timestamp="2021-12-07T23:22:46">
                     <properties>
[...]
</properties>
                     <testcase classname="Model.CommitsResultTest" name="testCommitsApi" time="0.0">
                                                 
                                               </testcase>
                     <system-out><![CDATA[]]></system-out>
                     <system-err><![CDATA[]]></system-err>
                   </testsuite>